<?xml version="1.0" encoding="UTF-8"?>
<testng-results ignored="0" total="1" passed="1" failed="0" skipped="0">
  <reporter-output>
  </reporter-output>
  <suite started-at="2022-08-02T16:54:42 IST" name="Default suite" finished-at="2022-08-02T16:54:58 IST" duration-ms="15743">
    <groups>
    </groups>
    <test started-at="2022-08-02T16:54:42 IST" name="Default test" finished-at="2022-08-02T16:54:58 IST" duration-ms="15743">
      <class name="com.tetsNG.code.Rediff_TestNG_Annotations">
        <test-method is-config="true" signature="LaunchBrowser()[pri:0, instance:com.tetsNG.code.Rediff_TestNG_Annotations@47d9a273]" started-at="2022-08-02T16:54:42 IST" name="LaunchBrowser" finished-at="2022-08-02T16:54:48 IST" duration-ms="6148" status="PASS">
          <reporter-output>
          </reporter-output>
        </test-method> <!-- LaunchBrowser -->
        <test-method signature="LoginCredentials()[pri:0, instance:com.tetsNG.code.Rediff_TestNG_Annotations@47d9a273]" started-at="2022-08-02T16:54:48 IST" name="LoginCredentials" finished-at="2022-08-02T16:54:55 IST" duration-ms="7429" status="PASS">
          <reporter-output>
          </reporter-output>
        </test-method> <!-- LoginCredentials -->
        <test-method is-config="true" signature="logot()[pri:0, instance:com.tetsNG.code.Rediff_TestNG_Annotations@47d9a273]" started-at="2022-08-02T16:54:55 IST" name="logot" finished-at="2022-08-02T16:54:58 IST" duration-ms="2108" status="PASS">
          <reporter-output>
          </reporter-output>
        </test-method> <!-- logot -->
      </class> <!-- com.tetsNG.code.Rediff_TestNG_Annotations -->
    </test> <!-- Default test -->
  </suite> <!-- Default suite -->
</testng-results>
